<?xml version="1.0" encoding="UTF-8"?>
<!-- Generated by org.testng.reporters.JUnitReportReporter -->
<testsuite hostname="DESKTOP-8DL5CMK" failures="0" tests="15" name="Script.scenarios_User" time="281.662" errors="1" timestamp="2022-02-25T13:29:27 IST" skipped="5">
  <testcase classname="Script.scenarios_User" name="MakeOrderFromCart" time="0.001"/>
  <system-out/>
  <testcase classname="Script.scenarios_User" name="OrderHistory" time="0.001"/>
  <system-out/>
  <testcase classname="Script.scenarios_User" name="TrackingStatus" time="0.003"/>
  <system-out/>
  <testcase classname="Script.scenarios_User" name="MakeOrderFromCategories" time="0.003"/>
  <system-out/>
  <testcase classname="Script.scenarios_User" name="TestInt" time="0.001"/>
  <system-out/>
  <testcase classname="Script.scenarios_User" name="CancelRequestByUser" time="15.810"/>
  <system-out/>
  <testcase classname="Script.scenarios_User" name="MakeOrderFromBanner" time="0.004"/>
  <system-out/>
  <testcase classname="Script.scenarios_User" name="Check_Transaction" time="6.198"/>
  <system-out/>
  <testcase classname="Script.scenarios_User" name="Order_History" time="24.088">
    <error message="The element &#039;By.xpath: //android.widget.TextView[@text=&#039;Pizza Outlet&#039;]&#039; does not exist in DOM anymore
For documentation on this error, please visit: https://www.seleniumhq.org/exceptions/stale_element_reference.html
Build info: version: &#039;3.141.59&#039;, revision: &#039;e82be7d358&#039;, time: &#039;2018-11-14T08:17:03&#039;
System info: host: &#039;DESKTOP-8DL5CMK&#039;, ip: &#039;192.168.1.24&#039;, os.name: &#039;Windows 10&#039;, os.arch: &#039;amd64&#039;, os.version: &#039;10.0&#039;, java.version: &#039;17.0.1&#039;
Driver info: io.appium.java_client.android.AndroidDriver
Capabilities {--no-reset: true, PlatformVersion: 11, UDID: QOKNMJVCJFL7YPOF, appActivity: com.batse.batseexpress.Spla..., appPackage: com.batse.batseexpress, autoGrantPermissions: true, automationName: UiAutomator2, databaseEnabled: false, desired: {--no-reset: true, PlatformVersion: 11, UDID: QOKNMJVCJFL7YPOF, appActivity: com.batse.batseexpress.Spla..., appPackage: com.batse.batseexpress, autoGrantPermissions: true, automationName: UiAutomator2, deviceName: OnePlus Nord2 5G, newCommandTimeout: 60, noSign: true, platformName: android}, deviceApiLevel: 30, deviceManufacturer: OnePlus, deviceModel: DN2101, deviceName: QOKNMJVCJFL7YPOF, deviceScreenDensity: 480, deviceScreenSize: 1080x2400, deviceUDID: QOKNMJVCJFL7YPOF, javascriptEnabled: true, locationContextEnabled: false, networkConnectionEnabled: true, newCommandTimeout: 60, noSign: true, pixelRatio: 3, platform: LINUX, platformName: Android, platformVersion: 11, statBarHeight: 113, takesScreenshot: true, viewportRect: {height: 2048, left: 0, top: 113, width: 1080}, warnings: {}, webStorageEnabled: false}
Session ID: 3b9a2cd7-5504-4609-bffd-e675da868795" type="org.openqa.selenium.StaleElementReferenceException">
      <![CDATA[org.openqa.selenium.StaleElementReferenceException: The element 'By.xpath: //android.widget.TextView[@text='Pizza Outlet']' does not exist in DOM anymore
For documentation on this error, please visit: https://www.seleniumhq.org/exceptions/stale_element_reference.html
Build info: version: '3.141.59', revision: 'e82be7d358', time: '2018-11-14T08:17:03'
System info: host: 'DESKTOP-8DL5CMK', ip: '192.168.1.24', os.name: 'Windows 10', os.arch: 'amd64', os.version: '10.0', java.version: '17.0.1'
Driver info: io.appium.java_client.android.AndroidDriver
Capabilities {--no-reset: true, PlatformVersion: 11, UDID: QOKNMJVCJFL7YPOF, appActivity: com.batse.batseexpress.Spla..., appPackage: com.batse.batseexpress, autoGrantPermissions: true, automationName: UiAutomator2, databaseEnabled: false, desired: {--no-reset: true, PlatformVersion: 11, UDID: QOKNMJVCJFL7YPOF, appActivity: com.batse.batseexpress.Spla..., appPackage: com.batse.batseexpress, autoGrantPermissions: true, automationName: UiAutomator2, deviceName: OnePlus Nord2 5G, newCommandTimeout: 60, noSign: true, platformName: android}, deviceApiLevel: 30, deviceManufacturer: OnePlus, deviceModel: DN2101, deviceName: QOKNMJVCJFL7YPOF, deviceScreenDensity: 480, deviceScreenSize: 1080x2400, deviceUDID: QOKNMJVCJFL7YPOF, javascriptEnabled: true, locationContextEnabled: false, networkConnectionEnabled: true, newCommandTimeout: 60, noSign: true, pixelRatio: 3, platform: LINUX, platformName: Android, platformVersion: 11, statBarHeight: 113, takesScreenshot: true, viewportRect: {height: 2048, left: 0, top: 113, width: 1080}, warnings: {}, webStorageEnabled: false}
Session ID: 3b9a2cd7-5504-4609-bffd-e675da868795
at java.base/jdk.internal.reflect.NativeConstructorAccessorImpl.newInstance0(Native Method)
at java.base/jdk.internal.reflect.NativeConstructorAccessorImpl.newInstance(NativeConstructorAccessorImpl.java:77)
at java.base/jdk.internal.reflect.DelegatingConstructorAccessorImpl.newInstance(DelegatingConstructorAccessorImpl.java:45)
at java.base/java.lang.reflect.Constructor.newInstanceWithCaller(Constructor.java:499)
at java.base/java.lang.reflect.Constructor.newInstance(Constructor.java:480)
at org.openqa.selenium.remote.http.W3CHttpResponseCodec.createException(W3CHttpResponseCodec.java:187)
at org.openqa.selenium.remote.http.W3CHttpResponseCodec.decode(W3CHttpResponseCodec.java:122)
at org.openqa.selenium.remote.http.W3CHttpResponseCodec.decode(W3CHttpResponseCodec.java:49)
at org.openqa.selenium.remote.HttpCommandExecutor.execute(HttpCommandExecutor.java:158)
at io.appium.java_client.remote.AppiumCommandExecutor.execute(AppiumCommandExecutor.java:250)
at org.openqa.selenium.remote.RemoteWebDriver.execute(RemoteWebDriver.java:552)
at io.appium.java_client.DefaultGenericMobileDriver.execute(DefaultGenericMobileDriver.java:41)
at io.appium.java_client.AppiumDriver.execute(AppiumDriver.java:1)
at io.appium.java_client.android.AndroidDriver.execute(AndroidDriver.java:1)
at org.openqa.selenium.remote.RemoteWebElement.execute(RemoteWebElement.java:285)
at io.appium.java_client.DefaultGenericMobileElement.execute(DefaultGenericMobileElement.java:45)
at io.appium.java_client.MobileElement.execute(MobileElement.java:1)
at io.appium.java_client.android.AndroidElement.execute(AndroidElement.java:1)
at org.openqa.selenium.remote.RemoteWebElement.getText(RemoteWebElement.java:166)
at A_utilities.MobileDriverFactory.OrderHistory_Validate_OutletName(MobileDriverFactory.java:480)
at POM.OrderHistory.Validate_OrderHistory(OrderHistory.java:44)
at Script.scenarios_User.Order_History(scenarios_User.java:305)
at java.base/jdk.internal.reflect.NativeMethodAccessorImpl.invoke0(Native Method)
at java.base/jdk.internal.reflect.NativeMethodAccessorImpl.invoke(NativeMethodAccessorImpl.java:77)
at java.base/jdk.internal.reflect.DelegatingMethodAccessorImpl.invoke(DelegatingMethodAccessorImpl.java:43)
at java.base/java.lang.reflect.Method.invoke(Method.java:568)
at org.testng.internal.MethodInvocationHelper.invokeMethod(MethodInvocationHelper.java:133)
at org.testng.internal.TestInvoker.invokeMethod(TestInvoker.java:598)
at org.testng.internal.TestInvoker.invokeTestMethod(TestInvoker.java:173)
at org.testng.internal.MethodRunner.runInSequence(MethodRunner.java:46)
at org.testng.internal.TestInvoker$MethodInvocationAgent.invoke(TestInvoker.java:824)
at org.testng.internal.TestInvoker.invokeTestMethods(TestInvoker.java:146)
at org.testng.internal.TestMethodWorker.invokeTestMethods(TestMethodWorker.java:146)
at org.testng.internal.TestMethodWorker.run(TestMethodWorker.java:128)
at java.base/java.util.ArrayList.forEach(ArrayList.java:1511)
at org.testng.TestRunner.privateRun(TestRunner.java:794)
at org.testng.TestRunner.run(TestRunner.java:596)
at org.testng.SuiteRunner.runTest(SuiteRunner.java:377)
at org.testng.SuiteRunner.runSequentially(SuiteRunner.java:371)
at org.testng.SuiteRunner.privateRun(SuiteRunner.java:332)
at org.testng.SuiteRunner.run(SuiteRunner.java:276)
at org.testng.SuiteRunnerWorker.runSuite(SuiteRunnerWorker.java:53)
at org.testng.SuiteRunnerWorker.run(SuiteRunnerWorker.java:96)
at org.testng.TestNG.runSuitesSequentially(TestNG.java:1212)
at org.testng.TestNG.runSuitesLocally(TestNG.java:1134)
at org.testng.TestNG.runSuites(TestNG.java:1063)
at org.testng.TestNG.run(TestNG.java:1031)
at org.testng.remote.AbstractRemoteTestNG.run(AbstractRemoteTestNG.java:115)
at org.testng.remote.RemoteTestNG.initAndRun(RemoteTestNG.java:251)
at org.testng.remote.RemoteTestNG.main(RemoteTestNG.java:77)
]]>
    </error>
  </testcase> <!-- Order_History -->
  <system-out/>
  <testcase classname="Script.scenarios_User" name="MakeOrder_AllCustomozation1portion_CurrentLocation" time="235.553"/>
  <system-out/>
  <testcase classname="Script.scenarios_User" name="Tracking_Status">
    <skipped/>
  </testcase> <!-- Tracking_Status -->
  <system-out/>
  <testcase classname="Script.scenarios_User" name="Rider_Delivered">
    <skipped/>
  </testcase> <!-- Rider_Delivered -->
  <system-out/>
  <testcase classname="Script.scenarios_User" name="Profile">
    <skipped/>
  </testcase> <!-- Profile -->
  <system-out/>
  <testcase classname="Script.scenarios_User" name="MakeOrder_1C1P_CurrentLocation">
    <skipped/>
  </testcase> <!-- MakeOrder_1C1P_CurrentLocation -->
  <system-out/>
  <testcase classname="Script.scenarios_User" name="DispatchOrder">
    <skipped/>
  </testcase> <!-- DispatchOrder -->
  <system-out/>
</testsuite> <!-- Script.scenarios_User -->
